Starting engine
2026-02-24 06:44:33,583 INFO Starting engine
 * Serving Flask app 'CORE ENGINE PROP FIRM MACHINE V1 LAUNCH'
 * Debug mode: off
2026-02-24 06:44:33,833 INFO Engine initialized
2026-02-24 06:44:33,895 INFO [31m[1mWARNING: This is a development server. Do not use it in a production deployment. Use a production WSGI server instead.[0m
 * Running on all addresses (0.0.0.0)
 * Running on http://127.0.0.1:5000
 * Running on http://10.64.43.31:5000
2026-02-24 06:44:33,895 INFO [33mPress CTRL+C to quit[0m
2026-02-24 06:44:33,942 ERROR System error: HTTPSConnectionPool(host='api.bybit.com', port=443): Max retries exceeded with url: /v5/account/wallet-balance?accountType=UNIFIED&coin=USDT (Caused by NewConnectionError("HTTPSConnection(host='api.bybit.com', port=443): Failed to establish a new connection: [WinError 10013] An attempt was made to access a socket in a way forbidden by its access permissions"))
Starting engine
2026-02-25 20:37:29,462 INFO Starting engine
 * Serving Flask app 'CORE ENGINE PROP FIRM MACHINE V1 LAUNCH'
 * Debug mode: off
2026-02-25 20:37:29,680 INFO Engine initialized
2026-02-25 20:37:29,899 INFO [31m[1mWARNING: This is a development server. Do not use it in a production deployment. Use a production WSGI server instead.[0m
 * Running on all addresses (0.0.0.0)
 * Running on http://127.0.0.1:5000
 * Running on http://10.64.43.31:5000
2026-02-25 20:37:29,899 INFO [33mPress CTRL+C to quit[0m
2026-02-25 20:37:34,133 ERROR Forex scan error USDCAD: MT5 order failed None
2026-02-25 20:37:47,286 ERROR Forex scan error USDCAD: MT5 order failed None
2026-02-25 20:37:57,490 ERROR Forex scan error USDCAD: MT5 order failed None
2026-02-25 20:38:07,648 ERROR Forex scan error USDCAD: MT5 order failed None
2026-02-25 20:38:17,837 ERROR Forex scan error USDCAD: MT5 order failed None
2026-02-25 20:38:28,036 ERROR Forex scan error USDCAD: MT5 order failed None
2026-02-25 20:38:38,219 ERROR Forex scan error USDCAD: MT5 order failed None
2026-02-25 20:38:48,427 ERROR Forex scan error USDCAD: MT5 order failed None
2026-02-25 20:38:58,642 ERROR Forex scan error USDCAD: MT5 order failed None
2026-02-25 20:39:08,809 ERROR Forex scan error USDCAD: MT5 order failed None
2026-02-25 20:39:29,169 ERROR Forex scan error USDCAD: MT5 order failed None
2026-02-25 20:39:39,392 ERROR Forex scan error USDCAD: MT5 order failed None
2026-02-25 20:39:49,584 ERROR Forex scan error USDCAD: MT5 order failed None
2026-02-25 20:41:41,475 ERROR Forex scan error USDCAD: MT5 order failed None
2026-02-25 20:41:51,660 ERROR Forex scan error USDCAD: MT5 order failed None
2026-02-25 20:42:01,862 ERROR Forex scan error USDCAD: MT5 order failed None
2026-02-25 20:42:12,058 ERROR Forex scan error USDCAD: MT5 order failed None
2026-02-25 20:42:22,232 ERROR Forex scan error USDCAD: MT5 order failed None
2026-02-25 20:42:32,446 ERROR Forex scan error USDCAD: MT5 order failed None
2026-02-25 20:42:42,645 ERROR Forex scan error USDCAD: MT5 order failed None
2026-02-25 20:42:52,856 ERROR Forex scan error USDCAD: MT5 order failed None
2026-02-25 20:43:03,036 ERROR Forex scan error USDCAD: MT5 order failed None
2026-02-25 20:43:13,225 ERROR Forex scan error USDCAD: MT5 order failed None
2026-02-25 20:43:23,436 ERROR Forex scan error USDCAD: MT5 order failed None
Starting engine
2026-03-12 21:58:52,142 INFO Starting engine
2026-03-12 21:58:54,975 INFO Engine initialized
 * Serving Flask app 'CORE ENGINE PROP FIRM MACHINE V1 LAUNCH'
 * Debug mode: off
2026-03-12 21:58:55,253 INFO [31m[1mWARNING: This is a development server. Do not use it in a production deployment. Use a production WSGI server instead.[0m
 * Running on all addresses (0.0.0.0)
 * Running on http://127.0.0.1:5000
 * Running on http://10.117.212.31:5000
2026-03-12 21:58:55,253 INFO [33mPress CTRL+C to quit[0m
2026-03-12 21:58:55,284 ERROR Forex scan error USDCHF: MT5 rates failed for USDCHF
2026-03-12 21:59:06,946 ERROR Forex scan error USDCAD: MT5 order failed None
2026-03-12 21:59:17,169 ERROR Forex scan error USDCHF: MT5 order failed None
2026-03-12 21:59:27,363 ERROR Forex scan error USDCHF: MT5 order failed None
2026-03-12 21:59:37,616 ERROR Forex scan error USDCHF: MT5 order failed None
2026-03-12 21:59:47,844 ERROR Forex scan error USDCHF: MT5 order failed None
2026-03-12 21:59:58,054 ERROR Forex scan error USDCHF: MT5 order failed None
2026-03-12 22:00:08,207 ERROR Forex scan error AUDUSD: MT5 order failed None
2026-03-12 22:00:08,238 ERROR Forex scan error USDCHF: MT5 order failed None
2026-03-12 22:00:08,285 ERROR Forex scan error NZDUSD: MT5 order failed None
2026-03-12 22:00:18,433 ERROR Forex scan error USDCHF: MT5 order failed None
2026-03-12 22:00:18,495 ERROR Forex scan error NZDUSD: MT5 order failed None
2026-03-12 22:00:28,674 ERROR Forex scan error USDCHF: MT5 order failed None
2026-03-12 22:00:38,851 ERROR Forex scan error USDCHF: MT5 order failed None
2026-03-12 22:00:49,049 ERROR Forex scan error USDCHF: MT5 order failed None
2026-03-12 22:00:49,096 ERROR Forex scan error NZDUSD: MT5 order failed None
2026-03-12 22:00:59,181 ERROR Forex scan error EURUSD: MT5 order failed None
2026-03-12 22:00:59,243 ERROR Forex scan error AUDUSD: MT5 order failed None
2026-03-12 22:00:59,275 ERROR Forex scan error USDCHF: MT5 order failed None
2026-03-12 22:00:59,321 ERROR Forex scan error NZDUSD: MT5 order failed None
2026-03-12 22:01:09,388 ERROR Forex scan error EURUSD: MT5 order failed None
2026-03-12 22:01:09,467 ERROR Forex scan error AUDUSD: MT5 order failed None
2026-03-12 22:01:09,529 ERROR Forex scan error NZDUSD: MT5 order failed None
2026-03-12 22:01:19,593 ERROR Forex scan error EURUSD: MT5 order failed None
2026-03-12 22:01:19,656 ERROR Forex scan error AUDUSD: MT5 order failed None
2026-03-12 22:01:19,718 ERROR Forex scan error NZDUSD: MT5 order failed None
2026-03-12 22:01:29,858 ERROR Forex scan error AUDUSD: MT5 order failed None
2026-03-12 22:01:29,920 ERROR Forex scan error NZDUSD: MT5 order failed None
2026-03-12 22:02:00,501 ERROR Forex scan error USDCAD: MT5 order failed None
2026-03-12 22:02:10,742 ERROR Forex scan error USDCAD: MT5 order failed None
2026-03-12 22:02:31,124 ERROR Forex scan error NZDUSD: MT5 order failed None
2026-03-12 22:02:41,254 ERROR Forex scan error AUDUSD: MT5 order failed None
2026-03-12 22:02:41,316 ERROR Forex scan error NZDUSD: MT5 order failed None
2026-03-12 22:02:51,460 ERROR Forex scan error AUDUSD: MT5 order failed None
2026-03-12 22:02:51,539 ERROR Forex scan error NZDUSD: MT5 order failed None
2026-03-12 22:03:01,675 ERROR Forex scan error AUDUSD: MT5 order failed None
2026-03-12 22:03:01,721 ERROR Forex scan error USDCAD: MT5 order failed None
2026-03-12 22:03:01,737 ERROR Forex scan error NZDUSD: MT5 order failed None
2026-03-12 22:03:11,884 ERROR Forex scan error AUDUSD: MT5 order failed None
2026-03-12 22:03:11,931 ERROR Forex scan error USDCAD: MT5 order failed None
2026-03-12 22:03:22,037 ERROR Forex scan error EURUSD: MT5 order failed None
2026-03-12 22:03:22,115 ERROR Forex scan error AUDUSD: MT5 order failed None
2026-03-12 22:03:22,131 ERROR Forex scan error USDCHF: MT5 order failed None
2026-03-12 22:03:22,162 ERROR Forex scan error USDCAD: MT5 order failed None
2026-03-12 22:03:32,339 ERROR Forex scan error USDCHF: MT5 order failed None
2026-03-12 22:03:42,549 ERROR Forex scan error USDCHF: MT5 order failed None
2026-03-12 22:03:52,738 ERROR Forex scan error USDCHF: MT5 order failed None
2026-03-12 22:04:02,938 ERROR Forex scan error USDCHF: MT5 order failed None
2026-03-12 22:04:13,128 ERROR Forex scan error USDCHF: MT5 order failed None
2026-03-12 22:04:23,323 ERROR Forex scan error USDCHF: MT5 order failed None
2026-03-12 22:04:33,502 ERROR Forex scan error AUDUSD: MT5 order failed None
2026-03-12 22:04:33,533 ERROR Forex scan error USDCHF: MT5 order failed None
2026-03-12 22:04:43,743 ERROR Forex scan error AUDUSD: MT5 order failed None
2026-03-12 22:04:43,774 ERROR Forex scan error USDCHF: MT5 order failed None
2026-03-12 22:04:53,890 ERROR Forex scan error EURUSD: MT5 order failed None
2026-03-12 22:04:53,953 ERROR Forex scan error AUDUSD: MT5 order failed None
2026-03-12 22:04:54,000 ERROR Forex scan error USDCAD: MT5 order failed None
2026-03-12 22:04:54,031 ERROR Forex scan error NZDUSD: MT5 order failed None
2026-03-12 22:05:04,124 ERROR Forex scan error EURUSD: MT5 order failed None
2026-03-12 22:05:04,249 ERROR Forex scan error USDCAD: MT5 order failed None
2026-03-12 22:05:14,325 ERROR Forex scan error EURUSD: MT5 order failed None
2026-03-12 22:05:14,419 ERROR Forex scan error USDCAD: MT5 order failed None
2026-03-12 22:05:24,521 ERROR Forex scan error EURUSD: MT5 order failed None
2026-03-12 22:05:24,677 ERROR Forex scan error USDCAD: MT5 order failed None
2026-03-12 22:05:34,736 ERROR Forex scan error EURUSD: MT5 order failed None
2026-03-12 22:05:34,799 ERROR Forex scan error AUDUSD: MT5 order failed None
2026-03-12 22:05:34,861 ERROR Forex scan error NZDUSD: MT5 order failed None
2026-03-12 22:05:44,941 ERROR Forex scan error EURUSD: MT5 order failed None
2026-03-12 22:05:45,019 ERROR Forex scan error AUDUSD: MT5 order failed None
2026-03-12 22:05:45,082 ERROR Forex scan error NZDUSD: MT5 order failed None
2026-03-12 22:05:55,171 ERROR Forex scan error AUDUSD: MT5 order failed None
2026-03-12 22:05:55,233 ERROR Forex scan error NZDUSD: MT5 order failed None
2026-03-12 22:06:05,424 ERROR Forex scan error USDCAD: MT5 order failed None
2026-03-12 22:06:05,455 ERROR Forex scan error NZDUSD: MT5 order failed None
2026-03-12 22:06:15,585 ERROR Forex scan error USDJPY: MT5 order failed None
2026-03-12 22:06:15,663 ERROR Forex scan error NZDUSD: MT5 order failed None
2026-03-12 22:06:25,803 ERROR Forex scan error USDJPY: MT5 order failed None
2026-03-12 22:06:25,944 ERROR Forex scan error NZDUSD: MT5 order failed None
2026-03-12 22:06:36,019 ERROR Forex scan error USDJPY: MT5 order failed None
2026-03-12 22:06:36,097 ERROR Forex scan error NZDUSD: MT5 order failed None
2026-03-12 22:06:46,205 ERROR Forex scan error USDJPY: MT5 order failed None
2026-03-12 22:06:46,267 ERROR Forex scan error USDCAD: MT5 order failed None
2026-03-12 22:06:46,299 ERROR Forex scan error NZDUSD: MT5 order failed None
2026-03-12 22:06:56,368 ERROR Forex scan error USDJPY: MT5 order failed None
2026-03-12 22:06:56,430 ERROR Forex scan error USDCAD: MT5 order failed None
2026-03-12 22:06:56,461 ERROR Forex scan error NZDUSD: MT5 order failed None
2026-03-12 22:07:06,631 ERROR Forex scan error NZDUSD: MT5 order failed None
2026-03-12 22:07:16,833 ERROR Forex scan error NZDUSD: MT5 order failed None
2026-03-12 22:07:27,015 ERROR Forex scan error NZDUSD: MT5 order failed None
2026-03-12 22:07:37,199 ERROR Forex scan error NZDUSD: MT5 order failed None
2026-03-12 22:07:47,385 ERROR Forex scan error NZDUSD: MT5 order failed None
2026-03-12 22:07:57,438 ERROR Forex scan error EURUSD: MT5 order failed None
2026-03-12 22:07:57,485 ERROR Forex scan error USDJPY: MT5 order failed None
2026-03-12 22:07:57,517 ERROR Forex scan error AUDUSD: MT5 order failed None
2026-03-12 22:08:07,647 ERROR Forex scan error EURUSD: MT5 order failed None
2026-03-12 22:08:58,652 ERROR Forex scan error USDCAD: MT5 order failed None
2026-03-12 22:09:08,765 ERROR Forex scan error USDJPY: MT5 order failed None
2026-03-12 22:09:08,827 ERROR Forex scan error USDCAD: MT5 order failed None
2026-03-12 22:09:18,976 ERROR Forex scan error USDJPY: MT5 order failed None
2026-03-12 22:09:19,039 ERROR Forex scan error USDCAD: MT5 order failed None
2026-03-12 22:09:29,230 ERROR Forex scan error USDCAD: MT5 order failed None
2026-03-12 22:09:39,431 ERROR Forex scan error USDCAD: MT5 order failed None
2026-03-12 22:09:49,586 ERROR Forex scan error USDJPY: MT5 order failed None
2026-03-12 22:09:49,648 ERROR Forex scan error USDCAD: MT5 order failed None
2026-03-12 22:09:59,760 ERROR Forex scan error USDJPY: MT5 order failed None
2026-03-12 22:09:59,838 ERROR Forex scan error USDCAD: MT5 order failed None
2026-03-12 22:10:10,039 ERROR Forex scan error USDCAD: MT5 order failed None
2026-03-12 22:10:20,228 ERROR Forex scan error USDCAD: MT5 order failed None
2026-03-12 22:10:30,425 ERROR Forex scan error USDCAD: MT5 order failed None
2026-03-12 22:10:40,621 ERROR Forex scan error USDCAD: MT5 order failed None
2026-03-12 22:10:50,795 ERROR Forex scan error USDCAD: MT5 order failed None
2026-03-12 22:11:00,968 ERROR Forex scan error USDCAD: MT5 order failed None
2026-03-12 22:11:11,112 ERROR Forex scan error USDCAD: MT5 order failed None
2026-03-12 22:11:51,740 ERROR Forex scan error AUDUSD: MT5 order failed None
2026-03-12 22:12:01,860 ERROR Forex scan error EURUSD: MT5 order failed None
2026-03-12 22:12:01,938 ERROR Forex scan error AUDUSD: MT5 order failed None
2026-03-12 22:12:01,969 ERROR Forex scan error USDCHF: MT5 order failed None
2026-03-12 22:12:02,016 ERROR Forex scan error NZDUSD: MT5 order failed None
2026-03-12 22:12:12,140 ERROR Forex scan error AUDUSD: MT5 order failed None
2026-03-12 22:12:12,187 ERROR Forex scan error USDCAD: MT5 order failed None
2026-03-12 22:12:22,392 ERROR Forex scan error USDCAD: MT5 order failed None
2026-03-12 22:12:22,423 ERROR Forex scan error NZDUSD: MT5 order failed None
2026-03-12 22:12:32,497 ERROR Forex scan error EURUSD: MT5 order failed None
2026-03-12 22:12:32,591 ERROR Forex scan error USDCHF: MT5 order failed None
2026-03-12 22:12:32,606 ERROR Forex scan error USDCAD: MT5 order failed None
2026-03-12 22:12:42,703 ERROR Forex scan error EURUSD: MT5 order failed None
2026-03-12 22:12:42,797 ERROR Forex scan error USDCHF: MT5 order failed None
2026-03-12 22:12:42,828 ERROR Forex scan error USDCAD: MT5 order failed None
2026-03-12 22:12:42,860 ERROR Forex scan error NZDUSD: MT5 order failed None
2026-03-12 22:12:52,955 ERROR Forex scan error EURUSD: MT5 order failed None
2026-03-12 22:12:52,986 ERROR Forex scan error GBPUSD: MT5 order failed None
2026-03-12 22:12:53,049 ERROR Forex scan error USDCHF: MT5 order failed None
2026-03-12 22:12:53,080 ERROR Forex scan error USDCAD: MT5 order failed None
2026-03-12 22:12:53,111 ERROR Forex scan error NZDUSD: MT5 order failed None
2026-03-12 22:13:03,168 ERROR Forex scan error EURUSD: MT5 order failed None
2026-03-12 22:13:03,277 ERROR Forex scan error USDCAD: MT5 order failed None
2026-03-12 22:13:03,292 ERROR Forex scan error NZDUSD: MT5 order failed None
2026-03-12 22:13:13,375 ERROR Forex scan error GBPUSD: MT5 order failed None
2026-03-12 22:13:13,422 ERROR Forex scan error AUDUSD: MT5 order failed None
2026-03-12 22:13:13,469 ERROR Forex scan error USDCAD: MT5 order failed None
2026-03-12 22:13:23,578 ERROR Forex scan error GBPUSD: MT5 order failed None
2026-03-12 22:13:23,656 ERROR Forex scan error USDCAD: MT5 order failed None
2026-03-12 22:13:23,687 ERROR Forex scan error NZDUSD: MT5 order failed None
2026-03-12 22:13:33,854 ERROR Forex scan error NZDUSD: MT5 order failed None
2026-03-12 22:13:43,928 ERROR Forex scan error EURUSD: MT5 order failed None
2026-03-12 22:13:44,006 ERROR Forex scan error AUDUSD: MT5 order failed None
2026-03-12 22:13:44,053 ERROR Forex scan error USDCAD: MT5 order failed None
2026-03-12 22:13:54,177 ERROR Forex scan error GBPUSD: MT5 order failed None
2026-03-12 22:13:54,255 ERROR Forex scan error USDCAD: MT5 order failed None
2026-03-12 22:14:04,393 ERROR Forex scan error GBPUSD: MT5 order failed None
2026-03-12 22:14:04,439 ERROR Forex scan error AUDUSD: MT5 order failed None
2026-03-12 22:14:14,620 ERROR Forex scan error USDJPY: MT5 order failed None
2026-03-12 22:14:14,714 ERROR Forex scan error NZDUSD: MT5 order failed None
2026-03-12 22:14:24,805 ERROR Forex scan error EURUSD: MT5 order failed None
2026-03-12 22:14:24,867 ERROR Forex scan error AUDUSD: MT5 order failed None
2026-03-12 22:14:24,930 ERROR Forex scan error NZDUSD: MT5 order failed None
2026-03-12 22:14:34,994 ERROR Forex scan error EURUSD: MT5 order failed None
2026-03-12 22:14:35,119 ERROR Forex scan error NZDUSD: MT5 order failed None
2026-03-12 22:14:45,179 ERROR Forex scan error GBPUSD: MT5 order failed None
2026-03-12 22:14:45,226 ERROR Forex scan error AUDUSD: MT5 order failed None
2026-03-12 22:14:55,370 ERROR Forex scan error GBPUSD: MT5 order failed None
2026-03-12 22:14:55,402 ERROR Forex scan error USDJPY: MT5 order failed None
2026-03-12 22:14:55,433 ERROR Forex scan error AUDUSD: MT5 order failed None
2026-03-12 22:15:05,607 ERROR Forex scan error USDJPY: MT5 order failed None
2026-03-12 22:15:15,828 ERROR Forex scan error NZDUSD: MT5 order failed None
2026-03-12 22:15:26,017 ERROR Forex scan error NZDUSD: MT5 order failed None
2026-03-12 22:15:36,203 ERROR Forex scan error NZDUSD: MT5 order failed None
2026-03-12 22:15:46,388 ERROR Forex scan error NZDUSD: MT5 order failed None
2026-03-12 22:15:56,464 ERROR Forex scan error EURUSD: MT5 order failed None
2026-03-12 22:15:56,589 ERROR Forex scan error NZDUSD: MT5 order failed None
2026-03-12 22:16:16,845 ERROR Forex scan error GBPUSD: MT5 order failed None
2026-03-12 22:16:16,923 ERROR Forex scan error USDCHF: MT5 order failed None
2026-03-12 22:16:27,118 ERROR Forex scan error USDCHF: MT5 order failed None
2026-03-12 22:16:37,327 ERROR Forex scan error USDCHF: MT5 order failed None
2026-03-12 22:16:37,374 ERROR Forex scan error NZDUSD: MT5 order failed None
2026-03-12 22:16:47,543 ERROR Forex scan error NZDUSD: MT5 order failed None
2026-03-12 22:16:57,606 ERROR Forex scan error EURUSD: MT5 order failed None
2026-03-12 22:16:57,716 ERROR Forex scan error USDCAD: MT5 order failed None
2026-03-12 22:17:07,800 ERROR Forex scan error EURUSD: MT5 order failed None
2026-03-12 22:17:07,925 ERROR Forex scan error USDCAD: MT5 order failed None
2026-03-12 22:17:17,980 ERROR Forex scan error EURUSD: MT5 order failed None
2026-03-12 22:17:18,089 ERROR Forex scan error USDCAD: MT5 order failed None
2026-03-12 22:17:28,216 ERROR Forex scan error USDJPY: MT5 order failed None
2026-03-12 22:17:28,278 ERROR Forex scan error USDCAD: MT5 order failed None
2026-03-12 22:17:28,309 ERROR Forex scan error NZDUSD: MT5 order failed None
2026-03-12 22:17:38,384 ERROR Forex scan error EURUSD: MT5 order failed None
2026-03-12 22:17:38,478 ERROR Forex scan error USDCAD: MT5 order failed None
2026-03-12 22:17:38,509 ERROR Forex scan error NZDUSD: MT5 order failed None
2026-03-12 22:17:48,633 ERROR Forex scan error USDJPY: MT5 order failed None
2026-03-12 22:17:48,695 ERROR Forex scan error USDCAD: MT5 order failed None
2026-03-12 22:17:48,726 ERROR Forex scan error NZDUSD: MT5 order failed None
2026-03-12 22:17:58,837 ERROR Forex scan error USDJPY: MT5 order failed None
2026-03-12 22:17:58,900 ERROR Forex scan error USDCAD: MT5 order failed None
2026-03-12 22:18:09,001 ERROR Forex scan error GBPUSD: MT5 order failed None
2026-03-12 22:18:09,095 ERROR Forex scan error USDCAD: MT5 order failed None
2026-03-12 22:18:09,126 ERROR Forex scan error NZDUSD: MT5 order failed None
2026-03-12 22:18:19,201 ERROR Forex scan error GBPUSD: MT5 order failed None
2026-03-12 22:18:19,295 ERROR Forex scan error USDCAD: MT5 order failed None
2026-03-12 22:18:19,326 ERROR Forex scan error NZDUSD: MT5 order failed None
2026-03-12 22:18:29,414 ERROR Forex scan error GBPUSD: MT5 order failed None
2026-03-12 22:18:29,430 ERROR Forex scan error USDJPY: MT5 order failed None
2026-03-12 22:18:29,492 ERROR Forex scan error USDCAD: MT5 order failed None
2026-03-12 22:18:29,523 ERROR Forex scan error NZDUSD: MT5 order failed None
2026-03-12 22:18:39,597 ERROR Forex scan error GBPUSD: MT5 order failed None
2026-03-12 22:18:39,628 ERROR Forex scan error USDJPY: MT5 order failed None
2026-03-12 22:18:39,691 ERROR Forex scan error USDCAD: MT5 order failed None
2026-03-12 22:18:39,722 ERROR Forex scan error NZDUSD: MT5 order failed None
2026-03-12 22:18:49,827 ERROR Forex scan error USDJPY: MT5 order failed None
2026-03-12 22:18:49,874 ERROR Forex scan error USDCHF: MT5 order failed None
2026-03-12 22:19:00,010 ERROR Forex scan error USDJPY: MT5 order failed None
2026-03-12 22:19:00,057 ERROR Forex scan error AUDUSD: MT5 order failed None
2026-03-12 22:19:00,088 ERROR Forex scan error USDCHF: MT5 order failed None
2026-03-12 22:19:10,256 ERROR Forex scan error AUDUSD: MT5 order failed None
2026-03-12 22:19:20,413 ERROR Forex scan error USDJPY: MT5 order failed None
2026-03-12 22:19:20,444 ERROR Forex scan error AUDUSD: MT5 order failed None
2026-03-12 22:19:30,583 ERROR Forex scan error GBPUSD: MT5 order failed None
2026-03-12 22:19:30,614 ERROR Forex scan error USDJPY: MT5 order failed None
2026-03-12 22:19:40,810 ERROR Forex scan error USDJPY: MT5 order failed None
2026-03-12 22:19:50,965 ERROR Forex scan error USDJPY: MT5 order failed None
2026-03-12 22:19:50,996 ERROR Forex scan error AUDUSD: MT5 order failed None
2026-03-12 22:20:01,156 ERROR Forex scan error USDJPY: MT5 order failed None
2026-03-12 22:20:01,187 ERROR Forex scan error AUDUSD: MT5 order failed None
2026-03-12 22:20:11,383 ERROR Forex scan error USDJPY: MT5 order failed None
2026-03-12 22:20:11,414 ERROR Forex scan error AUDUSD: MT5 order failed None
2026-03-12 22:20:21,624 ERROR Forex scan error AUDUSD: MT5 order failed None
2026-03-12 22:20:21,702 ERROR Forex scan error NZDUSD: MT5 order failed None
2026-03-12 22:20:31,821 ERROR Forex scan error AUDUSD: MT5 order failed None
2026-03-12 22:20:31,899 ERROR Forex scan error NZDUSD: MT5 order failed None
2026-03-12 22:20:42,018 ERROR Forex scan error AUDUSD: MT5 order failed None
2026-03-12 22:21:02,349 ERROR Forex scan error AUDUSD: MT5 order failed None
2026-03-12 22:21:02,380 ERROR Forex scan error USDCHF: MT5 order failed None
2026-03-12 22:21:12,525 ERROR Forex scan error AUDUSD: MT5 order failed None
2026-03-12 22:21:32,939 ERROR Forex scan error NZDUSD: MT5 order failed None
2026-03-12 22:21:43,080 ERROR Forex scan error AUDUSD: MT5 order failed None
2026-03-12 22:21:43,142 ERROR Forex scan error NZDUSD: MT5 order failed None
2026-03-12 22:21:53,280 ERROR Forex scan error AUDUSD: MT5 order failed None
2026-03-12 22:21:53,343 ERROR Forex scan error NZDUSD: MT5 order failed None
2026-03-12 22:22:03,482 ERROR Forex scan error AUDUSD: MT5 order failed None
2026-03-12 22:22:03,544 ERROR Forex scan error NZDUSD: MT5 order failed None
2026-03-12 22:22:13,651 ERROR Forex scan error AUDUSD: MT5 order failed None
2026-03-12 22:22:13,714 ERROR Forex scan error NZDUSD: MT5 order failed None
2026-03-12 22:22:23,837 ERROR Forex scan error GBPUSD: MT5 order failed None
2026-03-12 22:22:23,931 ERROR Forex scan error USDCAD: MT5 order failed None
2026-03-12 22:22:23,946 ERROR Forex scan error NZDUSD: MT5 order failed None
2026-03-12 22:22:34,062 ERROR Forex scan error GBPUSD: MT5 order failed None
2026-03-12 22:22:34,141 ERROR Forex scan error USDCAD: MT5 order failed None
2026-03-12 22:22:34,172 ERROR Forex scan error NZDUSD: MT5 order failed None
2026-03-12 22:22:44,281 ERROR Forex scan error GBPUSD: MT5 order failed None
2026-03-12 22:22:44,374 ERROR Forex scan error USDCAD: MT5 order failed None
2026-03-12 22:22:44,390 ERROR Forex scan error NZDUSD: MT5 order failed None
2026-03-12 22:22:54,542 ERROR Forex scan error USDCAD: MT5 order failed None
2026-03-12 22:23:04,652 ERROR Forex scan error EURUSD: MT5 order failed None
2026-03-12 22:23:04,684 ERROR Forex scan error GBPUSD: MT5 order failed None
2026-03-12 22:23:04,762 ERROR Forex scan error USDCAD: MT5 order failed None
2026-03-12 22:23:04,793 ERROR Forex scan error NZDUSD: MT5 order failed None
2026-03-12 22:23:14,870 ERROR Forex scan error EURUSD: MT5 order failed None
2026-03-12 22:23:14,933 ERROR Forex scan error AUDUSD: MT5 order failed None
2026-03-12 22:23:14,979 ERROR Forex scan error USDCAD: MT5 order failed None
2026-03-12 22:23:15,011 ERROR Forex scan error NZDUSD: MT5 order failed None
2026-03-12 22:23:25,098 ERROR Forex scan error GBPUSD: MT5 order failed None
2026-03-12 22:23:25,192 ERROR Forex scan error USDCAD: MT5 order failed None
2026-03-12 22:23:35,283 ERROR Forex scan error EURUSD: MT5 order failed None
2026-03-12 22:23:35,314 ERROR Forex scan error GBPUSD: MT5 order failed None
2026-03-12 22:23:35,393 ERROR Forex scan error USDCAD: MT5 order failed None
2026-03-12 22:23:45,453 ERROR Forex scan error EURUSD: MT5 order failed None
2026-03-12 22:23:45,484 ERROR Forex scan error GBPUSD: MT5 order failed None
2026-03-12 22:23:45,562 ERROR Forex scan error USDCAD: MT5 order failed None
2026-03-12 22:23:55,664 ERROR Forex scan error EURUSD: MT5 order failed None
2026-03-12 22:23:55,695 ERROR Forex scan error GBPUSD: MT5 order failed None
2026-03-12 22:23:55,757 ERROR Forex scan error AUDUSD: MT5 order failed None
2026-03-12 22:23:55,851 ERROR Forex scan error USDCAD: MT5 order failed None
2026-03-12 22:24:05,915 ERROR Forex scan error EURUSD: MT5 order failed None
2026-03-12 22:24:05,931 ERROR Forex scan error GBPUSD: MT5 order failed None
2026-03-12 22:24:06,009 ERROR Forex scan error USDCAD: MT5 order failed None
2026-03-12 22:24:16,109 ERROR Forex scan error EURUSD: MT5 order failed None
2026-03-12 22:24:16,125 ERROR Forex scan error GBPUSD: MT5 order failed None
2026-03-12 22:24:16,171 ERROR Forex scan error AUDUSD: MT5 order failed None
2026-03-12 22:24:16,218 ERROR Forex scan error USDCAD: MT5 order failed None
2026-03-12 22:24:26,333 ERROR Forex scan error EURUSD: MT5 order failed None
2026-03-12 22:24:26,364 ERROR Forex scan error GBPUSD: MT5 order failed None
2026-03-12 22:24:26,411 ERROR Forex scan error AUDUSD: MT5 order failed None
2026-03-12 22:24:26,473 ERROR Forex scan error USDCAD: MT5 order failed None
2026-03-12 22:24:36,551 ERROR Forex scan error EURUSD: MT5 order failed None
2026-03-12 22:24:36,598 ERROR Forex scan error GBPUSD: MT5 order failed None
2026-03-12 22:24:36,676 ERROR Forex scan error USDCAD: MT5 order failed None
2026-03-12 22:24:46,761 ERROR Forex scan error EURUSD: MT5 order failed None
2026-03-12 22:24:46,792 ERROR Forex scan error GBPUSD: MT5 order failed None
2026-03-12 22:24:46,870 ERROR Forex scan error USDCAD: MT5 order failed None
2026-03-12 22:24:56,955 ERROR Forex scan error EURUSD: MT5 order failed None
2026-03-12 22:24:57,064 ERROR Forex scan error USDCAD: MT5 order failed None
2026-03-12 22:25:07,137 ERROR Forex scan error EURUSD: MT5 order failed None
2026-03-12 22:25:07,231 ERROR Forex scan error USDCHF: MT5 order failed None
2026-03-12 22:25:07,262 ERROR Forex scan error USDCAD: MT5 order failed None
2026-03-12 22:25:17,343 ERROR Forex scan error EURUSD: MT5 order failed None
2026-03-12 22:25:27,511 ERROR Forex scan error EURUSD: MT5 order failed None
2026-03-12 22:25:37,713 ERROR Forex scan error EURUSD: MT5 order failed None
2026-03-12 22:25:37,822 ERROR Forex scan error USDCAD: MT5 order failed None
2026-03-12 22:25:47,938 ERROR Forex scan error EURUSD: MT5 order failed None
2026-03-12 22:25:48,048 ERROR Forex scan error USDCAD: MT5 order failed None
2026-03-12 22:25:58,158 ERROR Forex scan error EURUSD: MT5 order failed None
2026-03-12 22:25:58,267 ERROR Forex scan error USDCAD: MT5 order failed None
2026-03-12 22:26:08,366 ERROR Forex scan error EURUSD: MT5 order failed None
2026-03-12 22:26:18,570 ERROR Forex scan error EURUSD: MT5 order failed None
2026-03-12 22:26:28,792 ERROR Forex scan error EURUSD: MT5 order failed None
2026-03-12 22:26:28,824 ERROR Forex scan error GBPUSD: MT5 order failed None
2026-03-12 22:26:38,961 ERROR Forex scan error EURUSD: MT5 order failed None
2026-03-12 22:26:38,992 ERROR Forex scan error GBPUSD: MT5 order failed None
2026-03-12 22:26:49,186 ERROR Forex scan error GBPUSD: MT5 order failed None
2026-03-12 22:26:49,218 ERROR Forex scan error USDJPY: MT5 order failed None
2026-03-12 22:26:59,377 ERROR Forex scan error GBPUSD: MT5 order failed None
2026-03-12 22:26:59,409 ERROR Forex scan error USDJPY: MT5 order failed None
2026-03-12 22:27:09,569 ERROR Forex scan error EURUSD: MT5 order failed None
2026-03-12 22:27:09,584 ERROR Forex scan error GBPUSD: MT5 order failed None
2026-03-12 22:27:09,616 ERROR Forex scan error USDJPY: MT5 order failed None
2026-03-12 22:27:19,789 ERROR Forex scan error GBPUSD: MT5 order failed None
2026-03-12 22:27:19,820 ERROR Forex scan error USDJPY: MT5 order failed None
2026-03-12 22:27:30,032 ERROR Forex scan error GBPUSD: MT5 order failed None
2026-03-12 22:27:30,047 ERROR Forex scan error USDJPY: MT5 order failed None
2026-03-12 22:27:40,219 ERROR Forex scan error GBPUSD: MT5 order failed None
2026-03-12 22:27:40,250 ERROR Forex scan error USDJPY: MT5 order failed None
2026-03-12 22:27:50,480 ERROR Forex scan error USDCHF: MT5 order failed None
2026-03-12 22:28:20,947 ERROR Forex scan error EURUSD: MT5 order failed None
2026-03-12 22:28:31,150 ERROR Forex scan error EURUSD: MT5 order failed None
2026-03-12 22:28:31,166 ERROR Forex scan error GBPUSD: MT5 order failed None
2026-03-12 22:28:31,197 ERROR Forex scan error USDJPY: MT5 order failed None
2026-03-12 22:28:31,275 ERROR Forex scan error NZDUSD: MT5 order failed None
2026-03-12 22:28:41,376 ERROR Forex scan error EURUSD: MT5 order failed None
2026-03-12 22:28:41,407 ERROR Forex scan error GBPUSD: MT5 order failed None
2026-03-12 22:28:41,423 ERROR Forex scan error USDJPY: MT5 order failed None
2026-03-12 22:28:51,559 ERROR Forex scan error EURUSD: MT5 order failed None
2026-03-12 22:28:51,590 ERROR Forex scan error GBPUSD: MT5 order failed None
2026-03-12 22:28:51,622 ERROR Forex scan error USDJPY: MT5 order failed None
2026-03-12 22:29:01,749 ERROR Forex scan error EURUSD: MT5 order failed None
2026-03-12 22:29:01,811 ERROR Forex scan error USDJPY: MT5 order failed None
2026-03-12 22:29:01,827 ERROR Forex scan error AUDUSD: MT5 order failed None
2026-03-12 22:29:11,997 ERROR Forex scan error USDJPY: MT5 order failed None
2026-03-12 22:29:12,029 ERROR Forex scan error AUDUSD: MT5 order failed None
2026-03-12 22:29:22,220 ERROR Forex scan error USDJPY: MT5 order failed None
2026-03-12 22:29:22,251 ERROR Forex scan error AUDUSD: MT5 order failed None
2026-03-12 22:29:32,352 ERROR Forex scan error EURUSD: MT5 order failed None
2026-03-12 22:29:32,383 ERROR Forex scan error GBPUSD: MT5 order failed None
2026-03-12 22:29:32,414 ERROR Forex scan error USDJPY: MT5 order failed None
2026-03-12 22:29:32,461 ERROR Forex scan error USDCHF: MT5 order failed None
2026-03-12 22:29:32,508 ERROR Forex scan error NZDUSD: MT5 order failed None
2026-03-12 22:29:42,583 ERROR Forex scan error EURUSD: MT5 order failed None
2026-03-12 22:29:42,614 ERROR Forex scan error GBPUSD: MT5 order failed None
2026-03-12 22:29:42,645 ERROR Forex scan error USDJPY: MT5 order failed None
2026-03-12 22:29:42,692 ERROR Forex scan error USDCHF: MT5 order failed None
2026-03-12 22:29:42,739 ERROR Forex scan error NZDUSD: MT5 order failed None
2026-03-12 22:29:52,838 ERROR Forex scan error EURUSD: MT5 order failed None
2026-03-12 22:29:52,870 ERROR Forex scan error GBPUSD: MT5 order failed None
2026-03-12 22:29:52,932 ERROR Forex scan error USDCHF: MT5 order failed None
2026-03-12 22:29:52,979 ERROR Forex scan error NZDUSD: MT5 order failed None
2026-03-12 22:30:23,491 ERROR Forex scan error USDCAD: MT5 order failed None
2026-03-12 22:30:33,655 ERROR Forex scan error AUDUSD: MT5 order failed None
2026-03-12 22:30:33,702 ERROR Forex scan error USDCAD: MT5 order failed None
2026-03-12 22:30:33,734 ERROR Forex scan error NZDUSD: MT5 order failed None
2026-03-12 22:30:43,849 ERROR Forex scan error AUDUSD: MT5 order failed None
2026-03-12 22:30:43,896 ERROR Forex scan error USDCAD: MT5 order failed None
2026-03-12 22:30:43,927 ERROR Forex scan error NZDUSD: MT5 order failed None
2026-03-12 22:30:54,064 ERROR Forex scan error AUDUSD: MT5 order failed None
2026-03-12 22:30:54,111 ERROR Forex scan error USDCAD: MT5 order failed None
2026-03-12 22:30:54,142 ERROR Forex scan error NZDUSD: MT5 order failed None
2026-03-12 22:32:05,371 ERROR Forex scan error USDCHF: MT5 order failed None
2026-03-12 22:32:15,542 ERROR Forex scan error USDCHF: MT5 order failed None
2026-03-12 22:32:35,916 ERROR Forex scan error USDCHF: MT5 order failed None
2026-03-12 22:32:46,098 ERROR Forex scan error USDCHF: MT5 order failed None
2026-03-12 22:32:56,313 ERROR Forex scan error USDCHF: MT5 order failed None
2026-03-12 22:33:06,486 ERROR Forex scan error USDCHF: MT5 order failed None
2026-03-12 22:33:26,823 ERROR Forex scan error AUDUSD: MT5 order failed None
2026-03-12 22:33:47,109 ERROR Forex scan error EURUSD: MT5 order failed None
2026-03-12 22:33:47,172 ERROR Forex scan error AUDUSD: MT5 order failed None
2026-03-12 22:33:57,351 ERROR Forex scan error AUDUSD: MT5 order failed None
2026-03-12 22:34:07,519 ERROR Forex scan error AUDUSD: MT5 order failed None
2026-03-12 22:34:07,566 ERROR Forex scan error USDCAD: MT5 order failed None
2026-03-12 22:34:17,674 ERROR Forex scan error GBPUSD: MT5 order failed None
2026-03-12 22:34:17,721 ERROR Forex scan error AUDUSD: MT5 order failed None
2026-03-12 22:34:17,768 ERROR Forex scan error USDCAD: MT5 order failed None
2026-03-12 22:34:27,884 ERROR Forex scan error GBPUSD: MT5 order failed None
2026-03-12 22:34:27,931 ERROR Forex scan error AUDUSD: MT5 order failed None
2026-03-12 22:34:27,978 ERROR Forex scan error USDCAD: MT5 order failed None
2026-03-12 22:34:38,102 ERROR Forex scan error AUDUSD: MT5 order failed None
2026-03-12 22:34:38,180 ERROR Forex scan error USDCAD: MT5 order failed None
2026-03-12 22:34:48,334 ERROR Forex scan error AUDUSD: MT5 order failed None
2026-03-12 22:34:48,380 ERROR Forex scan error USDCAD: MT5 order failed None
2026-03-12 22:34:58,442 ERROR Forex scan error EURUSD: MT5 order failed None
2026-03-12 22:34:58,520 ERROR Forex scan error AUDUSD: MT5 order failed None
2026-03-12 22:34:58,552 ERROR Forex scan error USDCAD: MT5 order failed None
2026-03-12 22:35:08,700 ERROR Forex scan error AUDUSD: MT5 order failed None
2026-03-12 22:35:08,747 ERROR Forex scan error USDCAD: MT5 order failed None
2026-03-12 22:35:18,820 ERROR Forex scan error EURUSD: MT5 order failed None
2026-03-12 22:35:18,882 ERROR Forex scan error AUDUSD: MT5 order failed None
2026-03-12 22:35:18,929 ERROR Forex scan error USDCAD: MT5 order failed None
2026-03-12 22:35:29,029 ERROR Forex scan error EURUSD: MT5 order failed None
2026-03-12 22:35:29,061 ERROR Forex scan error GBPUSD: MT5 order failed None
2026-03-12 22:35:29,107 ERROR Forex scan error AUDUSD: MT5 order failed None
2026-03-12 22:35:29,154 ERROR Forex scan error USDCAD: MT5 order failed None
2026-03-12 22:35:39,216 ERROR Forex scan error EURUSD: MT5 order failed None
2026-03-12 22:35:39,231 ERROR Forex scan error GBPUSD: MT5 order failed None
2026-03-12 22:35:39,278 ERROR Forex scan error AUDUSD: MT5 order failed None
2026-03-12 22:35:39,325 ERROR Forex scan error USDCAD: MT5 order failed None
2026-03-12 22:35:49,404 ERROR Forex scan error EURUSD: MT5 order failed None
2026-03-12 22:35:49,435 ERROR Forex scan error GBPUSD: MT5 order failed None
2026-03-12 22:35:49,482 ERROR Forex scan error AUDUSD: MT5 order failed None
2026-03-12 22:35:49,529 ERROR Forex scan error USDCAD: MT5 order failed None
2026-03-12 22:35:59,591 ERROR Forex scan error EURUSD: MT5 order failed None
2026-03-12 22:35:59,607 ERROR Forex scan error GBPUSD: MT5 order failed None
2026-03-12 22:35:59,653 ERROR Forex scan error AUDUSD: MT5 order failed None
2026-03-12 22:35:59,700 ERROR Forex scan error USDCAD: MT5 order failed None
2026-03-12 22:36:09,864 ERROR Forex scan error AUDUSD: MT5 order failed None
2026-03-12 22:36:09,896 ERROR Forex scan error USDCHF: MT5 order failed None
2026-03-12 22:36:09,911 ERROR Forex scan error USDCAD: MT5 order failed None
2026-03-12 22:36:20,012 ERROR Forex scan error GBPUSD: MT5 order failed None
2026-03-12 22:36:20,075 ERROR Forex scan error USDCHF: MT5 order failed None
2026-03-12 22:36:20,106 ERROR Forex scan error USDCAD: MT5 order failed None
2026-03-12 22:36:30,197 ERROR Forex scan error GBPUSD: MT5 order failed None
2026-03-12 22:36:30,244 ERROR Forex scan error AUDUSD: MT5 order failed None
2026-03-12 22:36:30,290 ERROR Forex scan error USDCAD: MT5 order failed None
2026-03-12 22:36:30,322 ERROR Forex scan error NZDUSD: MT5 order failed None
2026-03-12 22:36:40,414 ERROR Forex scan error GBPUSD: MT5 order failed None
2026-03-12 22:36:40,477 ERROR Forex scan error USDCHF: MT5 order failed None
2026-03-12 22:36:50,753 ERROR Forex scan error GBPUSD: MT5 order failed None
2026-03-12 22:36:51,019 ERROR Forex scan error USDCHF: MT5 order failed None
2026-03-12 22:37:01,500 ERROR Forex scan error GBPUSD: MT5 order failed None
2026-03-12 22:37:01,719 ERROR Forex scan error AUDUSD: MT5 order failed None
2026-03-12 22:37:01,906 ERROR Forex scan error USDCHF: MT5 order failed None
2026-03-12 22:37:02,172 ERROR Forex scan error NZDUSD: MT5 order failed None
2026-03-12 22:37:12,433 ERROR Forex scan error GBPUSD: MT5 order failed None
2026-03-12 22:37:12,480 ERROR Forex scan error AUDUSD: MT5 order failed None
2026-03-12 22:37:12,511 ERROR Forex scan error USDCHF: MT5 order failed None
2026-03-12 22:37:22,828 ERROR Forex scan error GBPUSD: MT5 order failed None
2026-03-12 22:37:23,062 ERROR Forex scan error USDCHF: MT5 order failed None
2026-03-12 22:37:33,683 ERROR Forex scan error USDCHF: MT5 order failed None
2026-03-12 22:37:33,824 ERROR Forex scan error USDCAD: MT5 order failed None
2026-03-12 22:37:44,363 ERROR Forex scan error USDCHF: MT5 order failed None
2026-03-12 22:37:44,551 ERROR Forex scan error NZDUSD: MT5 order failed None
2026-03-12 22:37:55,028 ERROR Forex scan error USDCHF: MT5 order failed None
2026-03-12 22:37:55,185 ERROR Forex scan error USDCAD: MT5 order failed None
2026-03-12 22:37:55,310 ERROR Forex scan error NZDUSD: MT5 order failed None
2026-03-12 22:38:05,581 ERROR Forex scan error USDCHF: MT5 order failed None
2026-03-12 22:38:05,612 ERROR Forex scan error USDCAD: MT5 order failed None
2026-03-12 22:38:05,627 ERROR Forex scan error NZDUSD: MT5 order failed None
2026-03-12 22:38:15,756 ERROR Forex scan error AUDUSD: MT5 order failed None
2026-03-12 22:38:15,787 ERROR Forex scan error USDCHF: MT5 order failed None
2026-03-12 22:38:15,818 ERROR Forex scan error USDCAD: MT5 order failed None
2026-03-12 22:38:15,850 ERROR Forex scan error NZDUSD: MT5 order failed None
2026-03-12 22:38:25,981 ERROR Forex scan error USDCHF: MT5 order failed None
2026-03-12 22:38:26,012 ERROR Forex scan error USDCAD: MT5 order failed None
2026-03-12 22:38:26,043 ERROR Forex scan error NZDUSD: MT5 order failed None
2026-03-12 22:38:36,209 ERROR Forex scan error USDCHF: MT5 order failed None
2026-03-12 22:38:36,240 ERROR Forex scan error USDCAD: MT5 order failed None
2026-03-12 22:38:36,256 ERROR Forex scan error NZDUSD: MT5 order failed None
2026-03-12 22:38:46,433 ERROR Forex scan error USDCAD: MT5 order failed None
2026-03-12 22:38:46,464 ERROR Forex scan error NZDUSD: MT5 order failed None
2026-03-12 22:38:56,644 ERROR Forex scan error USDCAD: MT5 order failed None
2026-03-12 22:38:56,675 ERROR Forex scan error NZDUSD: MT5 order failed None
2026-03-12 22:39:06,826 ERROR Forex scan error USDCHF: MT5 order failed None
2026-03-12 22:39:06,842 ERROR Forex scan error USDCAD: MT5 order failed None
2026-03-12 22:39:06,873 ERROR Forex scan error NZDUSD: MT5 order failed None
2026-03-12 22:39:17,012 ERROR Forex scan error USDCHF: MT5 order failed None
2026-03-12 22:39:17,044 ERROR Forex scan error USDCAD: MT5 order failed None
2026-03-12 22:39:17,075 ERROR Forex scan error NZDUSD: MT5 order failed None
2026-03-12 22:39:27,241 ERROR Forex scan error USDCAD: MT5 order failed None
2026-03-12 22:39:27,272 ERROR Forex scan error NZDUSD: MT5 order failed None
2026-03-12 22:39:37,436 ERROR Forex scan error USDCAD: MT5 order failed None
2026-03-12 22:39:37,467 ERROR Forex scan error NZDUSD: MT5 order failed None
2026-03-12 22:39:47,603 ERROR Forex scan error USDCAD: MT5 order failed None
2026-03-12 22:39:47,634 ERROR Forex scan error NZDUSD: MT5 order failed None
2026-03-12 22:39:57,801 ERROR Forex scan error USDCAD: MT5 order failed None
2026-03-12 22:39:57,816 ERROR Forex scan error NZDUSD: MT5 order failed None
2026-03-12 22:40:07,946 ERROR Forex scan error USDCAD: MT5 order failed None
2026-03-12 22:40:18,115 ERROR Forex scan error AUDUSD: MT5 order failed None
2026-03-12 22:40:18,177 ERROR Forex scan error USDCAD: MT5 order failed None
2026-03-12 22:40:18,193 ERROR Forex scan error NZDUSD: MT5 order failed None
2026-03-12 22:40:28,334 ERROR Forex scan error AUDUSD: MT5 order failed None
2026-03-12 22:40:28,381 ERROR Forex scan error USDCAD: MT5 order failed None
2026-03-12 22:40:28,412 ERROR Forex scan error NZDUSD: MT5 order failed None
2026-03-12 22:40:38,533 ERROR Forex scan error AUDUSD: MT5 order failed None
2026-03-12 22:40:38,580 ERROR Forex scan error USDCAD: MT5 order failed None
2026-03-12 22:40:38,595 ERROR Forex scan error NZDUSD: MT5 order failed None
2026-03-12 22:40:48,788 ERROR Forex scan error USDCAD: MT5 order failed None
2026-03-12 22:40:48,804 ERROR Forex scan error NZDUSD: MT5 order failed None
2026-03-12 22:40:58,979 ERROR Forex scan error USDCAD: MT5 order failed None
2026-03-12 22:40:59,010 ERROR Forex scan error NZDUSD: MT5 order failed None
2026-03-12 22:41:09,145 ERROR Forex scan error USDCAD: MT5 order failed None
2026-03-12 22:41:09,176 ERROR Forex scan error NZDUSD: MT5 order failed None
2026-03-12 22:41:19,338 ERROR Forex scan error USDCAD: MT5 order failed None
2026-03-12 22:41:19,369 ERROR Forex scan error NZDUSD: MT5 order failed None
2026-03-12 22:41:29,524 ERROR Forex scan error USDCAD: MT5 order failed None
2026-03-12 22:41:29,555 ERROR Forex scan error NZDUSD: MT5 order failed None
2026-03-12 22:41:39,674 ERROR Forex scan error AUDUSD: MT5 order failed None
2026-03-12 22:41:39,737 ERROR Forex scan error USDCAD: MT5 order failed None
2026-03-12 22:41:39,768 ERROR Forex scan error NZDUSD: MT5 order failed None
2026-03-12 22:41:49,905 ERROR Forex scan error AUDUSD: MT5 order failed None
2026-03-12 22:41:49,952 ERROR Forex scan error USDCAD: MT5 order failed None
2026-03-12 22:41:49,983 ERROR Forex scan error NZDUSD: MT5 order failed None
2026-03-12 22:42:00,149 ERROR Forex scan error AUDUSD: MT5 order failed None
2026-03-12 22:42:00,196 ERROR Forex scan error USDCAD: MT5 order failed None
2026-03-12 22:42:00,211 ERROR Forex scan error NZDUSD: MT5 order failed None
2026-03-12 22:42:10,341 ERROR Forex scan error AUDUSD: MT5 order failed None
2026-03-12 22:42:10,388 ERROR Forex scan error USDCAD: MT5 order failed None
2026-03-12 22:42:10,419 ERROR Forex scan error NZDUSD: MT5 order failed None
2026-03-12 22:42:20,542 ERROR Forex scan error AUDUSD: MT5 order failed None
2026-03-12 22:42:20,589 ERROR Forex scan error USDCAD: MT5 order failed None
2026-03-12 22:42:20,620 ERROR Forex scan error NZDUSD: MT5 order failed None
2026-03-12 22:42:30,791 ERROR Forex scan error USDCAD: MT5 order failed None
2026-03-12 22:42:30,822 ERROR Forex scan error NZDUSD: MT5 order failed None
2026-03-12 22:42:40,941 ERROR Forex scan error AUDUSD: MT5 order failed None
2026-03-12 22:42:40,988 ERROR Forex scan error USDCAD: MT5 order failed None
2026-03-12 22:42:51,146 ERROR Forex scan error AUDUSD: MT5 order failed None
2026-03-12 22:42:51,193 ERROR Forex scan error USDCAD: MT5 order failed None
2026-03-12 22:43:01,328 ERROR Forex scan error AUDUSD: MT5 order failed None
2026-03-12 22:43:01,375 ERROR Forex scan error USDCAD: MT5 order failed None
2026-03-12 22:43:11,499 ERROR Forex scan error AUDUSD: MT5 order failed None
2026-03-12 22:43:21,677 ERROR Forex scan error AUDUSD: MT5 order failed None
2026-03-12 22:43:31,860 ERROR Forex scan error AUDUSD: MT5 order failed None
2026-03-12 22:43:42,045 ERROR Forex scan error AUDUSD: MT5 order failed None
2026-03-12 22:43:52,242 ERROR Forex scan error AUDUSD: MT5 order failed None
2026-03-12 22:44:02,399 ERROR Forex scan error AUDUSD: MT5 order failed None
2026-03-12 22:44:12,601 ERROR Forex scan error AUDUSD: MT5 order failed None
2026-03-12 22:44:22,773 ERROR Forex scan error AUDUSD: MT5 order failed None
2026-03-12 22:44:32,979 ERROR Forex scan error AUDUSD: MT5 order failed None
2026-03-12 22:44:43,170 ERROR Forex scan error AUDUSD: MT5 order failed None
2026-03-12 22:44:53,349 ERROR Forex scan error AUDUSD: MT5 order failed None
2026-03-12 22:45:03,507 ERROR Forex scan error AUDUSD: MT5 order failed None
2026-03-12 22:45:13,680 ERROR Forex scan error AUDUSD: MT5 order failed None
2026-03-12 22:45:23,861 ERROR Forex scan error AUDUSD: MT5 order failed None
2026-03-12 22:45:34,010 ERROR Forex scan error AUDUSD: MT5 order failed None
2026-03-12 22:45:54,357 ERROR Forex scan error AUDUSD: MT5 order failed None
2026-03-12 22:46:04,524 ERROR Forex scan error AUDUSD: MT5 order failed None
2026-03-12 22:47:05,474 ERROR Forex scan error AUDUSD: MT5 order failed None
2026-03-12 22:47:15,649 ERROR Forex scan error USDCAD: MT5 order failed None
2026-03-12 22:47:25,790 ERROR Forex scan error USDCAD: MT5 order failed None
2026-03-12 22:47:35,973 ERROR Forex scan error USDCAD: MT5 order failed None
2026-03-12 22:47:46,154 ERROR Forex scan error USDCAD: MT5 order failed None
2026-03-12 22:47:56,339 ERROR Forex scan error USDCAD: MT5 order failed None
2026-03-12 22:52:30,451 ERROR Forex scan error AUDUSD: MT5 order failed None
2026-03-12 22:52:40,576 ERROR Forex scan error AUDUSD: MT5 order failed None
2026-03-12 22:52:50,719 ERROR Forex scan error AUDUSD: MT5 order failed None
2026-03-12 22:53:00,863 ERROR Forex scan error AUDUSD: MT5 order failed None
2026-03-12 22:53:11,020 ERROR Forex scan error AUDUSD: MT5 order failed None
2026-03-12 22:53:21,151 ERROR Forex scan error AUDUSD: MT5 order failed None
2026-03-12 22:53:31,315 ERROR Forex scan error AUDUSD: MT5 order failed None
2026-03-12 22:53:41,483 ERROR Forex scan error AUDUSD: MT5 order failed None
2026-03-12 22:54:22,041 ERROR Forex scan error AUDUSD: MT5 order failed None
2026-03-12 22:54:32,187 ERROR Forex scan error AUDUSD: MT5 order failed None
2026-03-12 22:54:42,329 ERROR Forex scan error AUDUSD: MT5 order failed None
2026-03-12 22:54:52,444 ERROR Forex scan error AUDUSD: MT5 order failed None
2026-03-12 22:55:22,736 ERROR Forex scan error AUDUSD: MT5 order failed None
2026-03-12 22:55:32,840 ERROR Forex scan error AUDUSD: MT5 order failed None
2026-03-12 22:56:13,250 ERROR Forex scan error EURUSD: MT5 order failed None
2026-03-12 22:56:23,344 ERROR Forex scan error EURUSD: MT5 order failed None
2026-03-12 22:56:33,457 ERROR Forex scan error EURUSD: MT5 order failed None
2026-03-12 22:56:43,548 ERROR Forex scan error EURUSD: MT5 order failed None
2026-03-12 22:56:53,656 ERROR Forex scan error EURUSD: MT5 order failed None
2026-03-12 22:57:03,831 ERROR Forex scan error AUDUSD: MT5 order failed None
2026-03-12 22:57:13,917 ERROR Forex scan error AUDUSD: MT5 order failed None
2026-03-12 22:57:24,019 ERROR Forex scan error AUDUSD: MT5 order failed None
2026-03-12 22:57:44,275 ERROR Forex scan error NZDUSD: MT5 order failed None
2026-03-12 22:58:44,744 ERROR Forex scan error EURUSD: MT5 order failed None
2026-03-12 22:58:54,853 ERROR Forex scan error EURUSD: MT5 order failed None
